<?xml version="1.0" encoding="UTF-8"?>
<!-- Generated by org.testng.reporters.JUnitXMLReporter -->
<testsuite ignored="7" hostname="LAPTOP-K322O225" failures="0" tests="1" name="Default test" time="14.285" errors="0" timestamp="2025-04-03T15:04:45 IST">
  <testcase classname="com.salesinventory.SalesInvenTest" name="editCustomerButtonTest" time="12.104"/>
  <testcase classname="com.salesinventory.SalesInvenTest" name="transactionValidateTest" time="0.0">
    <ignored/>
  </testcase> <!-- transactionValidateTest -->
  <testcase classname="com.salesinventory.SalesInvenTest" name="createEmployeeTest" time="0.0">
    <ignored/>
  </testcase> <!-- createEmployeeTest -->
  <testcase classname="com.salesinventory.SalesInvenTest" name="newCustomerTest" time="0.0">
    <ignored/>
  </testcase> <!-- newCustomerTest -->
  <testcase classname="com.salesinventory.SalesInvenTest" name="createSupplierTest" time="0.0">
    <ignored/>
  </testcase> <!-- createSupplierTest -->
  <testcase classname="com.salesinventory.SalesInvenTest" name="productCreateTest" time="0.0">
    <ignored/>
  </testcase> <!-- productCreateTest -->
  <testcase classname="com.salesinventory.SalesInvenTest" name="newProductTest" time="0.0">
    <ignored/>
  </testcase> <!-- newProductTest -->
  <testcase classname="com.salesinventory.SalesInvenTest" name="orderTest" time="0.0">
    <ignored/>
  </testcase> <!-- orderTest -->
</testsuite> <!-- Default test -->
