<?xml version="1.0" encoding="UTF-8"?>
<testng-results ignored="0" total="8" passed="7" failed="1" skipped="0">
  <reporter-output>
  </reporter-output>
  <suite started-at="2025-04-03T15:14:10 IST" name="Suite" finished-at="2025-04-03T15:15:57 IST" duration-ms="106257">
    <groups>
      <group name="systemtest">
        <method signature="SalesInvenTest.createEmployeeTest()[pri:0, instance:com.salesinventory.SalesInvenTest@3af9c5b7]" name="createEmployeeTest" class="com.salesinventory.SalesInvenTest"/>
        <method signature="SalesInvenTest.newProductTest()[pri:0, instance:com.salesinventory.SalesInvenTest@3af9c5b7]" name="newProductTest" class="com.salesinventory.SalesInvenTest"/>
        <method signature="SalesInvenTest.orderTest()[pri:0, instance:com.salesinventory.SalesInvenTest@3af9c5b7]" name="orderTest" class="com.salesinventory.SalesInvenTest"/>
        <method signature="SalesInvenTest.transactionValidateTest()[pri:0, instance:com.salesinventory.SalesInvenTest@3af9c5b7]" name="transactionValidateTest" class="com.salesinventory.SalesInvenTest"/>
      </group> <!-- systemtest -->
      <group name="smoketest">
        <method signature="SalesInvenTest.editCustomerButtonTest()[pri:0, instance:com.salesinventory.SalesInvenTest@3af9c5b7]" name="editCustomerButtonTest" class="com.salesinventory.SalesInvenTest"/>
        <method signature="SalesInvenTest.productCreateTest()[pri:0, instance:com.salesinventory.SalesInvenTest@3af9c5b7]" name="productCreateTest" class="com.salesinventory.SalesInvenTest"/>
      </group> <!-- smoketest -->
      <group name="integrationtest">
        <method signature="SalesInvenTest.createSupplierTest()[pri:0, instance:com.salesinventory.SalesInvenTest@3af9c5b7]" name="createSupplierTest" class="com.salesinventory.SalesInvenTest"/>
        <method signature="SalesInvenTest.newCustomerTest()[pri:0, instance:com.salesinventory.SalesInvenTest@3af9c5b7]" name="newCustomerTest" class="com.salesinventory.SalesInvenTest"/>
      </group> <!-- integrationtest -->
    </groups>
    <test started-at="2025-04-03T15:14:10 IST" name="Test" finished-at="2025-04-03T15:15:57 IST" duration-ms="106257">
      <class name="com.salesinventory.SalesInvenTest">
        <test-method is-config="true" signature="configBS()[pri:0, instance:com.salesinventory.SalesInvenTest@3af9c5b7]" started-at="2025-04-03T15:14:10 IST" name="configBS" finished-at="2025-04-03T15:14:10 IST" duration-ms="8" status="PASS">
          <reporter-output>
          </reporter-output>
        </test-method> <!-- configBS -->
        <test-method is-config="true" signature="configBC()[pri:0, instance:com.salesinventory.SalesInvenTest@3af9c5b7]" started-at="2025-04-03T15:14:10 IST" name="configBC" finished-at="2025-04-03T15:14:12 IST" duration-ms="1702" status="PASS">
          <reporter-output>
          </reporter-output>
        </test-method> <!-- configBC -->
        <test-method is-config="true" signature="configBM()[pri:0, instance:com.salesinventory.SalesInvenTest@3af9c5b7]" started-at="2025-04-03T15:14:12 IST" name="configBM" finished-at="2025-04-03T15:14:12 IST" duration-ms="1" status="PASS">
          <reporter-output>
          </reporter-output>
        </test-method> <!-- configBM -->
        <test-method signature="createEmployeeTest()[pri:0, instance:com.salesinventory.SalesInvenTest@3af9c5b7]" started-at="2025-04-03T15:14:12 IST" name="createEmployeeTest" finished-at="2025-04-03T15:14:35 IST" duration-ms="22819" status="PASS">
          <reporter-output>
          </reporter-output>
        </test-method> <!-- createEmployeeTest -->
        <test-method is-config="true" signature="configAM()[pri:0, instance:com.salesinventory.SalesInvenTest@3af9c5b7]" started-at="2025-04-03T15:14:35 IST" name="configAM" finished-at="2025-04-03T15:14:35 IST" duration-ms="0" status="PASS">
          <reporter-output>
          </reporter-output>
        </test-method> <!-- configAM -->
        <test-method is-config="true" signature="configBM()[pri:0, instance:com.salesinventory.SalesInvenTest@3af9c5b7]" started-at="2025-04-03T15:14:35 IST" name="configBM" finished-at="2025-04-03T15:14:35 IST" duration-ms="0" status="PASS">
          <reporter-output>
          </reporter-output>
        </test-method> <!-- configBM -->
        <test-method signature="createSupplierTest()[pri:0, instance:com.salesinventory.SalesInvenTest@3af9c5b7]" started-at="2025-04-03T15:14:35 IST" name="createSupplierTest" finished-at="2025-04-03T15:14:46 IST" duration-ms="10937" status="PASS">
          <reporter-output>
          </reporter-output>
        </test-method> <!-- createSupplierTest -->
        <test-method is-config="true" signature="configAM()[pri:0, instance:com.salesinventory.SalesInvenTest@3af9c5b7]" started-at="2025-04-03T15:14:46 IST" name="configAM" finished-at="2025-04-03T15:14:46 IST" duration-ms="0" status="PASS">
          <reporter-output>
          </reporter-output>
        </test-method> <!-- configAM -->
        <test-method signature="editCustomerButtonTest()[pri:0, instance:com.salesinventory.SalesInvenTest@3af9c5b7]" started-at="2025-04-03T15:14:46 IST" name="editCustomerButtonTest" finished-at="2025-04-03T15:14:57 IST" duration-ms="11034" status="PASS">
          <reporter-output>
          </reporter-output>
        </test-method> <!-- editCustomerButtonTest -->
        <test-method is-config="true" signature="configBM()[pri:0, instance:com.salesinventory.SalesInvenTest@3af9c5b7]" started-at="2025-04-03T15:14:46 IST" name="configBM" finished-at="2025-04-03T15:14:46 IST" duration-ms="0" status="PASS">
          <reporter-output>
          </reporter-output>
        </test-method> <!-- configBM -->
        <test-method is-config="true" signature="configAM()[pri:0, instance:com.salesinventory.SalesInvenTest@3af9c5b7]" started-at="2025-04-03T15:14:57 IST" name="configAM" finished-at="2025-04-03T15:14:57 IST" duration-ms="1" status="PASS">
          <reporter-output>
          </reporter-output>
        </test-method> <!-- configAM -->
        <test-method signature="newCustomerTest()[pri:0, instance:com.salesinventory.SalesInvenTest@3af9c5b7]" started-at="2025-04-03T15:14:57 IST" name="newCustomerTest" finished-at="2025-04-03T15:15:10 IST" duration-ms="13018" status="PASS">
          <reporter-output>
          </reporter-output>
        </test-method> <!-- newCustomerTest -->
        <test-method is-config="true" signature="configBM()[pri:0, instance:com.salesinventory.SalesInvenTest@3af9c5b7]" started-at="2025-04-03T15:14:57 IST" name="configBM" finished-at="2025-04-03T15:14:57 IST" duration-ms="0" status="PASS">
          <reporter-output>
          </reporter-output>
        </test-method> <!-- configBM -->
        <test-method is-config="true" signature="configAM()[pri:0, instance:com.salesinventory.SalesInvenTest@3af9c5b7]" started-at="2025-04-03T15:15:10 IST" name="configAM" finished-at="2025-04-03T15:15:10 IST" duration-ms="1" status="PASS">
          <reporter-output>
          </reporter-output>
        </test-method> <!-- configAM -->
        <test-method is-config="true" signature="configBM()[pri:0, instance:com.salesinventory.SalesInvenTest@3af9c5b7]" started-at="2025-04-03T15:15:10 IST" name="configBM" finished-at="2025-04-03T15:15:10 IST" duration-ms="0" status="PASS">
          <reporter-output>
          </reporter-output>
        </test-method> <!-- configBM -->
        <test-method signature="newProductTest()[pri:0, instance:com.salesinventory.SalesInvenTest@3af9c5b7]" started-at="2025-04-03T15:15:10 IST" name="newProductTest" finished-at="2025-04-03T15:15:21 IST" duration-ms="10740" status="PASS">
          <reporter-output>
          </reporter-output>
        </test-method> <!-- newProductTest -->
        <test-method is-config="true" signature="configAM()[pri:0, instance:com.salesinventory.SalesInvenTest@3af9c5b7]" started-at="2025-04-03T15:15:21 IST" name="configAM" finished-at="2025-04-03T15:15:21 IST" duration-ms="0" status="PASS">
          <reporter-output>
          </reporter-output>
        </test-method> <!-- configAM -->
        <test-method is-config="true" signature="configBM()[pri:0, instance:com.salesinventory.SalesInvenTest@3af9c5b7]" started-at="2025-04-03T15:15:21 IST" name="configBM" finished-at="2025-04-03T15:15:21 IST" duration-ms="3" status="PASS">
          <reporter-output>
          </reporter-output>
        </test-method> <!-- configBM -->
        <test-method signature="orderTest()[pri:0, instance:com.salesinventory.SalesInvenTest@3af9c5b7]" started-at="2025-04-03T15:15:21 IST" name="orderTest" finished-at="2025-04-03T15:15:38 IST" duration-ms="17570" status="PASS">
          <reporter-output>
          </reporter-output>
        </test-method> <!-- orderTest -->
        <test-method is-config="true" signature="configAM()[pri:0, instance:com.salesinventory.SalesInvenTest@3af9c5b7]" started-at="2025-04-03T15:15:38 IST" name="configAM" finished-at="2025-04-03T15:15:38 IST" duration-ms="1" status="PASS">
          <reporter-output>
          </reporter-output>
        </test-method> <!-- configAM -->
        <test-method is-config="true" signature="configBM()[pri:0, instance:com.salesinventory.SalesInvenTest@3af9c5b7]" started-at="2025-04-03T15:15:38 IST" name="configBM" finished-at="2025-04-03T15:15:38 IST" duration-ms="1" status="PASS">
          <reporter-output>
          </reporter-output>
        </test-method> <!-- configBM -->
        <test-method signature="productCreateTest()[pri:0, instance:com.salesinventory.SalesInvenTest@3af9c5b7]" started-at="2025-04-03T15:15:38 IST" name="productCreateTest" finished-at="2025-04-03T15:15:43 IST" duration-ms="4711" status="PASS">
          <reporter-output>
          </reporter-output>
        </test-method> <!-- productCreateTest -->
        <test-method is-config="true" signature="configAM()[pri:0, instance:com.salesinventory.SalesInvenTest@3af9c5b7]" started-at="2025-04-03T15:15:43 IST" name="configAM" finished-at="2025-04-03T15:15:43 IST" duration-ms="2" status="PASS">
          <reporter-output>
          </reporter-output>
        </test-method> <!-- configAM -->
        <test-method is-config="true" signature="configBM()[pri:0, instance:com.salesinventory.SalesInvenTest@3af9c5b7]" started-at="2025-04-03T15:15:43 IST" name="configBM" finished-at="2025-04-03T15:15:43 IST" duration-ms="0" status="PASS">
          <reporter-output>
          </reporter-output>
        </test-method> <!-- configBM -->
        <test-method signature="transactionValidateTest()[pri:0, instance:com.salesinventory.SalesInvenTest@3af9c5b7]" started-at="2025-04-03T15:15:43 IST" name="transactionValidateTest" finished-at="2025-04-03T15:15:56 IST" duration-ms="13131" status="FAIL">
          <exception class="java.lang.NullPointerException">
            <message>
              <![CDATA[Cannot invoke "org.apache.poi.ss.usermodel.Cell.getStringCellValue()" because the return value of "org.apache.poi.ss.usermodel.Row.getCell(int)" is null]]>
            </message>
            <full-stacktrace>
              <![CDATA[java.lang.NullPointerException: Cannot invoke "org.apache.poi.ss.usermodel.Cell.getStringCellValue()" because the return value of "org.apache.poi.ss.usermodel.Row.getCell(int)" is null
at com.salesinventory.generic.fileutility.ExcelUtility.getDataFromExcel(ExcelUtility.java:17)
at com.salesinventory.SalesInvenTest.transactionValidateTest(SalesInvenTest.java:313)
at java.base/jdk.internal.reflect.DirectMethodHandleAccessor.invoke(DirectMethodHandleAccessor.java:103)
at java.base/java.lang.reflect.Method.invoke(Method.java:580)
at org.testng.internal.invokers.MethodInvocationHelper.invokeMethod(MethodInvocationHelper.java:141)
at org.testng.internal.invokers.TestInvoker.invokeMethod(TestInvoker.java:687)
at org.testng.internal.invokers.TestInvoker.invokeTestMethod(TestInvoker.java:230)
at org.testng.internal.invokers.MethodRunner.runInSequence(MethodRunner.java:63)
at org.testng.internal.invokers.TestInvoker$MethodInvocationAgent.invoke(TestInvoker.java:995)
at org.testng.internal.invokers.TestInvoker.invokeTestMethods(TestInvoker.java:203)
at org.testng.internal.invokers.TestMethodWorker.invokeTestMethods(TestMethodWorker.java:154)
at org.testng.internal.invokers.TestMethodWorker.run(TestMethodWorker.java:134)
at java.base/java.util.ArrayList.forEach(ArrayList.java:1597)
at org.testng.TestRunner.privateRun(TestRunner.java:741)
at org.testng.TestRunner.run(TestRunner.java:616)
at org.testng.SuiteRunner.runTest(SuiteRunner.java:421)
at org.testng.SuiteRunner.runSequentially(SuiteRunner.java:413)
at org.testng.SuiteRunner.privateRun(SuiteRunner.java:373)
at org.testng.SuiteRunner.run(SuiteRunner.java:312)
at org.testng.SuiteRunnerWorker.runSuite(SuiteRunnerWorker.java:52)
at org.testng.SuiteRunnerWorker.run(SuiteRunnerWorker.java:95)
at org.testng.TestNG.runSuitesSequentially(TestNG.java:1274)
at org.testng.TestNG.runSuitesLocally(TestNG.java:1208)
at org.testng.TestNG.runSuites(TestNG.java:1112)
at org.testng.TestNG.run(TestNG.java:1079)
at org.testng.remote.AbstractRemoteTestNG.run(AbstractRemoteTestNG.java:115)
at org.testng.remote.RemoteTestNG.initAndRun(RemoteTestNG.java:293)
at org.testng.remote.RemoteTestNG.main(RemoteTestNG.java:91)
]]>
            </full-stacktrace>
          </exception> <!-- java.lang.NullPointerException -->
          <reporter-output>
          </reporter-output>
        </test-method> <!-- transactionValidateTest -->
        <test-method is-config="true" signature="configAM()[pri:0, instance:com.salesinventory.SalesInvenTest@3af9c5b7]" started-at="2025-04-03T15:15:56 IST" name="configAM" finished-at="2025-04-03T15:15:56 IST" duration-ms="0" status="PASS">
          <reporter-output>
          </reporter-output>
        </test-method> <!-- configAM -->
        <test-method is-config="true" signature="configAC()[pri:0, instance:com.salesinventory.SalesInvenTest@3af9c5b7]" started-at="2025-04-03T15:15:56 IST" name="configAC" finished-at="2025-04-03T15:15:57 IST" duration-ms="242" status="PASS">
          <reporter-output>
          </reporter-output>
        </test-method> <!-- configAC -->
        <test-method is-config="true" signature="configAS()[pri:0, instance:com.salesinventory.SalesInvenTest@3af9c5b7]" started-at="2025-04-03T15:15:57 IST" name="configAS" finished-at="2025-04-03T15:15:57 IST" duration-ms="0" status="PASS">
          <reporter-output>
          </reporter-output>
        </test-method> <!-- configAS -->
      </class> <!-- com.salesinventory.SalesInvenTest -->
    </test> <!-- Test -->
  </suite> <!-- Suite -->
</testng-results>
