<?xml version="1.0" encoding="UTF-8"?>
<testng-results ignored="7" total="8" passed="1" failed="0" skipped="0">
  <reporter-output>
  </reporter-output>
  <suite started-at="2025-04-03T15:04:31 IST" name="Default suite" finished-at="2025-04-03T15:04:45 IST" duration-ms="14285">
    <groups>
      <group name="smoketest">
        <method signature="SalesInvenTest.editCustomerButtonTest()[pri:0, instance:com.salesinventory.SalesInvenTest@4c309d4d]" name="editCustomerButtonTest" class="com.salesinventory.SalesInvenTest"/>
      </group> <!-- smoketest -->
    </groups>
    <test started-at="2025-04-03T15:04:31 IST" name="Default test" finished-at="2025-04-03T15:04:45 IST" duration-ms="14285">
      <class name="com.salesinventory.SalesInvenTest">
        <test-method is-config="true" signature="configBS()[pri:0, instance:com.salesinventory.SalesInvenTest@4c309d4d]" started-at="2025-04-03T15:04:31 IST" name="configBS" finished-at="2025-04-03T15:04:31 IST" duration-ms="11" status="PASS">
          <reporter-output>
          </reporter-output>
        </test-method> <!-- configBS -->
        <test-method is-config="true" signature="configBC()[pri:0, instance:com.salesinventory.SalesInvenTest@4c309d4d]" started-at="2025-04-03T15:04:31 IST" name="configBC" finished-at="2025-04-03T15:04:33 IST" duration-ms="1756" status="PASS">
          <reporter-output>
          </reporter-output>
        </test-method> <!-- configBC -->
        <test-method is-config="true" signature="configBM()[pri:0, instance:com.salesinventory.SalesInvenTest@4c309d4d]" started-at="2025-04-03T15:04:33 IST" name="configBM" finished-at="2025-04-03T15:04:33 IST" duration-ms="1" status="PASS">
          <reporter-output>
          </reporter-output>
        </test-method> <!-- configBM -->
        <test-method signature="editCustomerButtonTest()[pri:0, instance:com.salesinventory.SalesInvenTest@4c309d4d]" started-at="2025-04-03T15:04:33 IST" name="editCustomerButtonTest" finished-at="2025-04-03T15:04:45 IST" duration-ms="12104" status="PASS">
          <reporter-output>
          </reporter-output>
        </test-method> <!-- editCustomerButtonTest -->
        <test-method is-config="true" signature="configAM()[pri:0, instance:com.salesinventory.SalesInvenTest@4c309d4d]" started-at="2025-04-03T15:04:45 IST" name="configAM" finished-at="2025-04-03T15:04:45 IST" duration-ms="1" status="PASS">
          <reporter-output>
          </reporter-output>
        </test-method> <!-- configAM -->
        <test-method is-config="true" signature="configAC()[pri:0, instance:com.salesinventory.SalesInvenTest@4c309d4d]" started-at="2025-04-03T15:04:45 IST" name="configAC" finished-at="2025-04-03T15:04:45 IST" duration-ms="361" status="PASS">
          <reporter-output>
          </reporter-output>
        </test-method> <!-- configAC -->
        <test-method is-config="true" signature="configAS()[pri:0, instance:com.salesinventory.SalesInvenTest@4c309d4d]" started-at="2025-04-03T15:04:45 IST" name="configAS" finished-at="2025-04-03T15:04:45 IST" duration-ms="0" status="PASS">
          <reporter-output>
          </reporter-output>
        </test-method> <!-- configAS -->
      </class> <!-- com.salesinventory.SalesInvenTest -->
    </test> <!-- Default test -->
  </suite> <!-- Default suite -->
</testng-results>
