<?xml version="1.0" encoding="UTF-8"?>
<!-- Generated by org.testng.reporters.JUnitXMLReporter -->
<testsuite ignored="0" hostname="LAPTOP-K322O225" failures="1" tests="8" name="Test" time="106.257" errors="0" timestamp="2025-04-03T15:15:57 IST">
  <testcase classname="com.salesinventory.SalesInvenTest" name="createEmployeeTest" time="22.819"/>
  <testcase classname="com.salesinventory.SalesInvenTest" name="createSupplierTest" time="10.937"/>
  <testcase classname="com.salesinventory.SalesInvenTest" name="editCustomerButtonTest" time="11.034"/>
  <testcase classname="com.salesinventory.SalesInvenTest" name="newCustomerTest" time="13.018"/>
  <testcase classname="com.salesinventory.SalesInvenTest" name="newProductTest" time="10.74"/>
  <testcase classname="com.salesinventory.SalesInvenTest" name="orderTest" time="17.57"/>
  <testcase classname="com.salesinventory.SalesInvenTest" name="productCreateTest" time="4.711"/>
  <testcase classname="com.salesinventory.SalesInvenTest" name="transactionValidateTest" time="13.131">
    <failure type="java.lang.NullPointerException" message="Cannot invoke &amp;quot;org.apache.poi.ss.usermodel.Cell.getStringCellValue()&amp;quot; because the return value of &amp;quot;org.apache.poi.ss.usermodel.Row.getCell(int)&amp;quot; is null">
      <![CDATA[java.lang.NullPointerException: Cannot invoke "org.apache.poi.ss.usermodel.Cell.getStringCellValue()" because the return value of "org.apache.poi.ss.usermodel.Row.getCell(int)" is null
at com.salesinventory.generic.fileutility.ExcelUtility.getDataFromExcel(ExcelUtility.java:17)
at com.salesinventory.SalesInvenTest.transactionValidateTest(SalesInvenTest.java:313)
at java.base/java.util.ArrayList.forEach(ArrayList.java:1597)
... Removed 25 stack frames]]>
    </failure>
  </testcase> <!-- transactionValidateTest -->
</testsuite> <!-- Test -->
