<?xml version="1.0" encoding="UTF-8"?>
<!-- Generated by org.testng.reporters.JUnitXMLReporter -->
<testsuite ignored="0" hostname="LAPTOP-K322O225" failures="0" tests="8" name="Test" time="123.086" errors="0" timestamp="2025-04-03T15:57:50 IST">
  <testcase classname="com.salesinventory.SalesInvenTest" name="createEmployeeTest" time="23.381"/>
  <testcase classname="com.salesinventory.SalesInvenTest" name="createSupplierTest" time="10.88"/>
  <testcase classname="com.salesinventory.SalesInvenTest" name="editCustomerButtonTest" time="11.099"/>
  <testcase classname="com.salesinventory.SalesInvenTest" name="newCustomerTest" time="13.186"/>
  <testcase classname="com.salesinventory.SalesInvenTest" name="newProductTest" time="10.653"/>
  <testcase classname="com.salesinventory.SalesInvenTest" name="orderTest" time="17.862"/>
  <testcase classname="com.salesinventory.SalesInvenTest" name="productCreateTest" time="4.678"/>
  <testcase classname="com.salesinventory.SalesInvenTest" name="transactionValidateTest" time="27.941"/>
</testsuite> <!-- Test -->
